2019-03-23 18:04:15,370 INFO  [org.jboss.modules] (main) JBoss Modules version 1.5.2.Final
2019-03-23 18:04:15,681 INFO  [org.jboss.msc] (main) JBoss MSC version 1.2.6.Final
2019-03-23 18:04:15,773 INFO  [org.jboss.as] (MSC service thread 1-8) WFLYSRV0049: WildFly Full 10.1.0.Final (WildFly Core 2.2.0.Final) starting
2019-03-23 18:04:15,776 DEBUG [org.jboss.as.config] (MSC service thread 1-8) Configured system properties:
	awt.toolkit = sun.awt.X11.XToolkit
	file.encoding = UTF-8
	file.encoding.pkg = sun.io
	file.separator = /
	java.awt.graphicsenv = sun.awt.X11GraphicsEnvironment
	java.awt.headless = true
	java.awt.printerjob = sun.print.PSPrinterJob
	java.class.path = /home/danel/Escritorio/STA/WILDFLY/wildfly-10.1.0.Final/jboss-modules.jar
	java.class.version = 52.0
	java.endorsed.dirs = /usr/lib/jvm/java-8-openjdk-amd64/jre/lib/endorsed
	java.ext.dirs = /usr/lib/jvm/java-8-openjdk-amd64/jre/lib/ext:/usr/java/packages/lib/ext
	java.home = /usr/lib/jvm/java-8-openjdk-amd64/jre
	java.io.tmpdir = /tmp
	java.library.path = /usr/java/packages/lib/amd64:/usr/lib/x86_64-linux-gnu/jni:/lib/x86_64-linux-gnu:/usr/lib/x86_64-linux-gnu:/usr/lib/jni:/lib:/usr/lib
	java.net.preferIPv4Stack = true
	java.runtime.name = OpenJDK Runtime Environment
	java.runtime.version = 1.8.0_191-8u191-b12-2ubuntu0.16.04.1-b12
	java.specification.name = Java Platform API Specification
	java.specification.vendor = Oracle Corporation
	java.specification.version = 1.8
	java.util.logging.manager = org.jboss.logmanager.LogManager
	java.vendor = Oracle Corporation
	java.vendor.url = http://java.oracle.com/
	java.vendor.url.bug = http://bugreport.sun.com/bugreport/
	java.version = 1.8.0_191
	java.vm.info = mixed mode
	java.vm.name = OpenJDK 64-Bit Server VM
	java.vm.specification.name = Java Virtual Machine Specification
	java.vm.specification.vendor = Oracle Corporation
	java.vm.specification.version = 1.8
	java.vm.vendor = Oracle Corporation
	java.vm.version = 25.191-b12
	javax.management.builder.initial = org.jboss.as.jmx.PluggableMBeanServerBuilder
	javax.xml.datatype.DatatypeFactory = __redirected.__DatatypeFactory
	javax.xml.parsers.DocumentBuilderFactory = __redirected.__DocumentBuilderFactory
	javax.xml.parsers.SAXParserFactory = __redirected.__SAXParserFactory
	javax.xml.stream.XMLEventFactory = __redirected.__XMLEventFactory
	javax.xml.stream.XMLInputFactory = __redirected.__XMLInputFactory
	javax.xml.stream.XMLOutputFactory = __redirected.__XMLOutputFactory
	javax.xml.transform.TransformerFactory = __redirected.__TransformerFactory
	javax.xml.validation.SchemaFactory:http://www.w3.org/2001/XMLSchema = __redirected.__SchemaFactory
	javax.xml.xpath.XPathFactory:http://java.sun.com/jaxp/xpath/dom = __redirected.__XPathFactory
	jboss.bind.address = localhost
	jboss.bind.address.management = localhost
	jboss.home.dir = /home/danel/Escritorio/STA/WILDFLY/wildfly-10.1.0.Final
	jboss.host.name = danel-ubuntu
	jboss.modules.dir = /home/danel/Escritorio/STA/WILDFLY/wildfly-10.1.0.Final/modules
	jboss.modules.system.pkgs = org.jboss.byteman
	jboss.node.name = danel-ubuntu
	jboss.qualified.host.name = danel-ubuntu
	jboss.server.base.dir = /home/danel/Escritorio/STA/WILDFLY/wildfly-10.1.0.Final/standalone
	jboss.server.config.dir = /home/danel/Escritorio/STA/WILDFLY/wildfly-10.1.0.Final/standalone/configuration
	jboss.server.data.dir = /home/danel/Escritorio/STA/WILDFLY/wildfly-10.1.0.Final/standalone/data
	jboss.server.deploy.dir = /home/danel/Escritorio/STA/WILDFLY/wildfly-10.1.0.Final/standalone/data/content
	jboss.server.log.dir = /home/danel/Escritorio/STA/WILDFLY/wildfly-10.1.0.Final/standalone/log
	jboss.server.name = danel-ubuntu
	jboss.server.persist.config = true
	jboss.server.temp.dir = /home/danel/Escritorio/STA/WILDFLY/wildfly-10.1.0.Final/standalone/tmp
	line.separator = 

	logging.configuration = file:/home/danel/Escritorio/STA/WILDFLY/wildfly-10.1.0.Final/standalone/configuration/logging.properties
	module.path = /home/danel/Escritorio/STA/WILDFLY/wildfly-10.1.0.Final/modules
	org.jboss.boot.log.file = /home/danel/Escritorio/STA/WILDFLY/wildfly-10.1.0.Final/standalone/log/boot.log
	org.jboss.logmanager.nocolor = true
	org.jboss.resolver.warning = true
	org.xml.sax.driver = __redirected.__XMLReaderFactory
	os.arch = amd64
	os.name = Linux
	os.version = 4.4.0-143-generic
	path.separator = :
	program.name = JBossTools: WildFly 10.x
	sun.arch.data.model = 64
	sun.boot.class.path = /usr/lib/jvm/java-8-openjdk-amd64/jre/lib/resources.jar:/usr/lib/jvm/java-8-openjdk-amd64/jre/lib/rt.jar:/usr/lib/jvm/java-8-openjdk-amd64/jre/lib/sunrsasign.jar:/usr/lib/jvm/java-8-openjdk-amd64/jre/lib/jsse.jar:/usr/lib/jvm/java-8-openjdk-amd64/jre/lib/jce.jar:/usr/lib/jvm/java-8-openjdk-amd64/jre/lib/charsets.jar:/usr/lib/jvm/java-8-openjdk-amd64/jre/lib/jfr.jar:/usr/lib/jvm/java-8-openjdk-amd64/jre/classes
	sun.boot.library.path = /usr/lib/jvm/java-8-openjdk-amd64/jre/lib/amd64
	sun.cpu.endian = little
	sun.cpu.isalist = 
	sun.desktop = gnome
	sun.io.unicode.encoding = UnicodeLittle
	sun.java.command = org.jboss.modules.Main -mp /home/danel/Escritorio/STA/WILDFLY/wildfly-10.1.0.Final/modules org.jboss.as.standalone -b localhost --server-config=standalone.xml -Djboss.server.base.dir=/home/danel/Escritorio/STA/WILDFLY/wildfly-10.1.0.Final/standalone
	sun.java.launcher = SUN_STANDARD
	sun.jnu.encoding = UTF-8
	sun.management.compiler = HotSpot 64-Bit Tiered Compilers
	sun.os.patch.level = unknown
	sun.rmi.dgc.client.gcInterval = 3600000
	sun.rmi.dgc.server.gcInterval = 3600000
	user.country = ES
	user.dir = /home/danel/Escritorio/STA/WILDFLY/wildfly-10.1.0.Final/bin
	user.home = /home/danel
	user.language = es
	user.name = danel
	user.timezone = Europe/Madrid
2019-03-23 18:04:15,777 DEBUG [org.jboss.as.config] (MSC service thread 1-8) VM Arguments: -Dprogram.name=JBossTools: WildFly 10.x -Xms64m -Xmx512m -Dorg.jboss.resolver.warning=true -Djava.net.preferIPv4Stack=true -Dsun.rmi.dgc.client.gcInterval=3600000 -Dsun.rmi.dgc.server.gcInterval=3600000 -Djboss.modules.system.pkgs=org.jboss.byteman -Djava.awt.headless=true -Dorg.jboss.boot.log.file=/home/danel/Escritorio/STA/WILDFLY/wildfly-10.1.0.Final/standalone/log/boot.log -Dlogging.configuration=file:/home/danel/Escritorio/STA/WILDFLY/wildfly-10.1.0.Final/standalone/configuration/logging.properties -Djboss.home.dir=/home/danel/Escritorio/STA/WILDFLY/wildfly-10.1.0.Final -Dorg.jboss.logmanager.nocolor=true -Djboss.bind.address.management=localhost -Dfile.encoding=UTF-8 
2019-03-23 18:04:17,141 INFO  [org.jboss.as.server.deployment.scanner] (DeploymentScanner-threads - 1) WFLYDS0004: Found Bababus.war in deployment directory. To trigger deployment create a file called Bababus.war.dodeploy
2019-03-23 18:04:17,189 INFO  [org.jboss.as.server] (Controller Boot Thread) WFLYSRV0039: Creating http management service using socket-binding (management-http)
2019-03-23 18:04:17,205 INFO  [org.xnio] (MSC service thread 1-6) XNIO version 3.4.0.Final
2019-03-23 18:04:17,212 INFO  [org.xnio.nio] (MSC service thread 1-6) XNIO NIO Implementation Version 3.4.0.Final
