2019-04-10 10:57:03,827 INFO  [org.jboss.modules] (main) JBoss Modules version 1.5.2.Final
2019-04-10 10:57:06,623 INFO  [org.jboss.msc] (main) JBoss MSC version 1.2.6.Final
2019-04-10 10:57:07,157 INFO  [org.jboss.as] (MSC service thread 1-2) WFLYSRV0049: WildFly Full 10.1.0.Final (WildFly Core 2.2.0.Final) starting
2019-04-10 10:57:07,162 DEBUG [org.jboss.as.config] (MSC service thread 1-2) Configured system properties:
	awt.toolkit = sun.awt.X11.XToolkit
	file.encoding = UTF-8
	file.encoding.pkg = sun.io
	file.separator = /
	java.awt.graphicsenv = sun.awt.X11GraphicsEnvironment
	java.awt.headless = true
	java.awt.printerjob = sun.print.PSPrinterJob
	java.class.path = /home/gloria/Bababus/SUPPORT/WILDFLY/wildfly-10.1.0.Final/jboss-modules.jar
	java.class.version = 52.0
	java.endorsed.dirs = /usr/lib/jvm/java-8-oracle/jre/lib/endorsed
	java.ext.dirs = /usr/lib/jvm/java-8-oracle/jre/lib/ext:/usr/java/packages/lib/ext
	java.home = /usr/lib/jvm/java-8-oracle/jre
	java.io.tmpdir = /tmp
	java.library.path = /usr/java/packages/lib/amd64:/usr/lib64:/lib64:/lib:/usr/lib
	java.net.preferIPv4Stack = true
	java.runtime.name = Java(TM) SE Runtime Environment
	java.runtime.version = 1.8.0_201-b09
	java.specification.name = Java Platform API Specification
	java.specification.vendor = Oracle Corporation
	java.specification.version = 1.8
	java.util.logging.manager = org.jboss.logmanager.LogManager
	java.vendor = Oracle Corporation
	java.vendor.url = http://java.oracle.com/
	java.vendor.url.bug = http://bugreport.sun.com/bugreport/
	java.version = 1.8.0_201
	java.vm.info = mixed mode
	java.vm.name = Java HotSpot(TM) 64-Bit Server VM
	java.vm.specification.name = Java Virtual Machine Specification
	java.vm.specification.vendor = Oracle Corporation
	java.vm.specification.version = 1.8
	java.vm.vendor = Oracle Corporation
	java.vm.version = 25.201-b09
	javax.management.builder.initial = org.jboss.as.jmx.PluggableMBeanServerBuilder
	javax.xml.datatype.DatatypeFactory = __redirected.__DatatypeFactory
	javax.xml.parsers.DocumentBuilderFactory = __redirected.__DocumentBuilderFactory
	javax.xml.parsers.SAXParserFactory = __redirected.__SAXParserFactory
	javax.xml.stream.XMLEventFactory = __redirected.__XMLEventFactory
	javax.xml.stream.XMLInputFactory = __redirected.__XMLInputFactory
	javax.xml.stream.XMLOutputFactory = __redirected.__XMLOutputFactory
	javax.xml.transform.TransformerFactory = __redirected.__TransformerFactory
	javax.xml.validation.SchemaFactory:http://www.w3.org/2001/XMLSchema = __redirected.__SchemaFactory
	javax.xml.xpath.XPathFactory:http://java.sun.com/jaxp/xpath/dom = __redirected.__XPathFactory
	jboss.bind.address = localhost
	jboss.bind.address.management = localhost
	jboss.home.dir = /home/gloria/Bababus/SUPPORT/WILDFLY/wildfly-10.1.0.Final
	jboss.host.name = gloria-virtualbox
	jboss.modules.dir = /home/gloria/Bababus/SUPPORT/WILDFLY/wildfly-10.1.0.Final/modules
	jboss.modules.system.pkgs = org.jboss.byteman
	jboss.node.name = gloria-virtualbox
	jboss.qualified.host.name = gloria-virtualbox
	jboss.server.base.dir = /home/gloria/Bababus/SUPPORT/WILDFLY/wildfly-10.1.0.Final/standalone
	jboss.server.config.dir = /home/gloria/Bababus/SUPPORT/WILDFLY/wildfly-10.1.0.Final/standalone/configuration
	jboss.server.data.dir = /home/gloria/Bababus/SUPPORT/WILDFLY/wildfly-10.1.0.Final/standalone/data
	jboss.server.deploy.dir = /home/gloria/Bababus/SUPPORT/WILDFLY/wildfly-10.1.0.Final/standalone/data/content
	jboss.server.log.dir = /home/gloria/Bababus/SUPPORT/WILDFLY/wildfly-10.1.0.Final/standalone/log
	jboss.server.name = gloria-virtualbox
	jboss.server.persist.config = true
	jboss.server.temp.dir = /home/gloria/Bababus/SUPPORT/WILDFLY/wildfly-10.1.0.Final/standalone/tmp
	line.separator = 

	logging.configuration = file:/home/gloria/Bababus/SUPPORT/WILDFLY/wildfly-10.1.0.Final/standalone/configuration/logging.properties
	module.path = /home/gloria/Bababus/SUPPORT/WILDFLY/wildfly-10.1.0.Final/modules
	org.jboss.boot.log.file = /home/gloria/Bababus/SUPPORT/WILDFLY/wildfly-10.1.0.Final/standalone/log/boot.log
	org.jboss.logmanager.nocolor = true
	org.jboss.resolver.warning = true
	org.xml.sax.driver = __redirected.__XMLReaderFactory
	os.arch = amd64
	os.name = Linux
	os.version = 4.15.0-47-generic
	path.separator = :
	program.name = JBossTools: WildFly 10.x
	sun.arch.data.model = 64
	sun.boot.class.path = /usr/lib/jvm/java-8-oracle/jre/lib/resources.jar:/usr/lib/jvm/java-8-oracle/jre/lib/rt.jar:/usr/lib/jvm/java-8-oracle/jre/lib/sunrsasign.jar:/usr/lib/jvm/java-8-oracle/jre/lib/jsse.jar:/usr/lib/jvm/java-8-oracle/jre/lib/jce.jar:/usr/lib/jvm/java-8-oracle/jre/lib/charsets.jar:/usr/lib/jvm/java-8-oracle/jre/lib/jfr.jar:/usr/lib/jvm/java-8-oracle/jre/classes
	sun.boot.library.path = /usr/lib/jvm/java-8-oracle/jre/lib/amd64
	sun.cpu.endian = little
	sun.cpu.isalist = 
	sun.desktop = gnome
	sun.io.unicode.encoding = UnicodeLittle
	sun.java.command = org.jboss.modules.Main -mp /home/gloria/Bababus/SUPPORT/WILDFLY/wildfly-10.1.0.Final/modules org.jboss.as.standalone -b localhost --server-config=standalone.xml -Djboss.server.base.dir=/home/gloria/Bababus/SUPPORT/WILDFLY/wildfly-10.1.0.Final/standalone
	sun.java.launcher = SUN_STANDARD
	sun.jnu.encoding = UTF-8
	sun.management.compiler = HotSpot 64-Bit Tiered Compilers
	sun.os.patch.level = unknown
	sun.rmi.dgc.client.gcInterval = 3600000
	sun.rmi.dgc.server.gcInterval = 3600000
	user.country = ES
	user.dir = /home/gloria/Bababus/SUPPORT/WILDFLY/wildfly-10.1.0.Final/bin
	user.home = /home/gloria
	user.language = es
	user.name = gloria
	user.timezone = Europe/Madrid
2019-04-10 10:57:07,166 DEBUG [org.jboss.as.config] (MSC service thread 1-2) VM Arguments: -Dprogram.name=JBossTools: WildFly 10.x -Xms64m -Xmx512m -Dorg.jboss.resolver.warning=true -Djava.net.preferIPv4Stack=true -Dsun.rmi.dgc.client.gcInterval=3600000 -Dsun.rmi.dgc.server.gcInterval=3600000 -Djboss.modules.system.pkgs=org.jboss.byteman -Djava.awt.headless=true -Dorg.jboss.boot.log.file=/home/gloria/Bababus/SUPPORT/WILDFLY/wildfly-10.1.0.Final/standalone/log/boot.log -Dlogging.configuration=file:/home/gloria/Bababus/SUPPORT/WILDFLY/wildfly-10.1.0.Final/standalone/configuration/logging.properties -Djboss.home.dir=/home/gloria/Bababus/SUPPORT/WILDFLY/wildfly-10.1.0.Final -Dorg.jboss.logmanager.nocolor=true -Djboss.bind.address.management=localhost -Dfile.encoding=UTF-8 
2019-04-10 10:59:48,487 INFO  [org.jboss.as.server.deployment.scanner] (DeploymentScanner-threads - 1) WFLYDS0004: Found Bababus.war in deployment directory. To trigger deployment create a file called Bababus.war.dodeploy
2019-04-10 10:59:49,656 INFO  [org.jboss.as.server] (Controller Boot Thread) WFLYSRV0039: Creating http management service using socket-binding (management-http)
2019-04-10 10:59:54,491 INFO  [org.jboss.as.clustering.infinispan] (ServerService Thread Pool -- 80) WFLYCLINF0001: Activating Infinispan subsystem.
2019-04-10 10:59:54,649 WARN  [org.jboss.as.txn] (ServerService Thread Pool -- 96) WFLYTX0013: Node identifier property is set to the default value. Please make sure it is unique.
2019-04-10 10:59:54,665 INFO  [org.jboss.as.webservices] (ServerService Thread Pool -- 98) WFLYWS0002: Activating WebServices Extension
2019-04-10 10:59:54,667 INFO  [org.jboss.as.security] (ServerService Thread Pool -- 95) WFLYSEC0002: Activating Security Subsystem
2019-04-10 10:59:54,691 INFO  [org.wildfly.extension.io] (ServerService Thread Pool -- 79) WFLYIO001: Worker 'default' has auto-configured to 4 core threads with 32 task threads based on your 2 available processors
2019-04-10 10:59:54,687 INFO  [org.jboss.as.jsf] (ServerService Thread Pool -- 86) WFLYJSF0007: Activated the following JSF Implementations: [main]
2019-04-10 10:59:54,732 INFO  [org.xnio] (MSC service thread 1-4) XNIO version 3.4.0.Final
2019-04-10 10:59:54,739 INFO  [org.jboss.as.security] (MSC service thread 1-3) WFLYSEC0001: Current PicketBox version=4.9.6.Final
2019-04-10 10:59:55,765 INFO  [org.jboss.as.naming] (ServerService Thread Pool -- 88) WFLYNAM0001: Activating Naming Subsystem
2019-04-10 11:00:00,359 INFO  [org.xnio.nio] (MSC service thread 1-1) XNIO NIO Implementation Version 3.4.0.Final
2019-04-10 11:00:01,813 INFO  [org.jboss.as.connector.subsystems.datasources] (ServerService Thread Pool -- 75) WFLYJCA0004: Deploying JDBC-compliant driver class org.h2.Driver (version 1.3)
2019-04-10 11:00:02,693 INFO  [org.jboss.as.connector] (MSC service thread 1-4) WFLYJCA0009: Starting JCA Subsystem (WildFly/IronJacamar 1.3.4.Final)
2019-04-10 11:00:02,815 INFO  [org.jboss.as.connector.subsystems.datasources] (ServerService Thread Pool -- 75) WFLYJCA0005: Deploying non-JDBC-compliant driver class com.mysql.jdbc.Driver (version 5.1)
2019-04-10 11:00:03,009 INFO  [org.jboss.remoting] (MSC service thread 1-4) JBoss Remoting version 4.0.21.Final
2019-04-10 11:00:03,017 INFO  [org.jboss.as.connector.deployers.jdbc] (MSC service thread 1-4) WFLYJCA0018: Started Driver service with driver-name = h2
2019-04-10 11:00:03,227 INFO  [org.jboss.as.naming] (MSC service thread 1-3) WFLYNAM0003: Starting Naming Service
2019-04-10 11:00:03,230 INFO  [org.jboss.as.connector.deployers.jdbc] (MSC service thread 1-3) WFLYJCA0018: Started Driver service with driver-name = com.mysql
2019-04-10 11:00:03,288 INFO  [org.jboss.as.mail.extension] (MSC service thread 1-1) WFLYMAIL0001: Bound mail session [java:jboss/mail/Default]
2019-04-10 11:00:03,892 INFO  [org.wildfly.extension.undertow] (MSC service thread 1-3) WFLYUT0003: Undertow 1.4.0.Final starting
2019-04-10 11:00:04,272 INFO  [org.wildfly.extension.undertow] (ServerService Thread Pool -- 97) WFLYUT0014: Creating file handler for path '/home/gloria/Bababus/SUPPORT/WILDFLY/wildfly-10.1.0.Final/welcome-content' with options [directory-listing: 'false', follow-symlink: 'false', case-sensitive: 'true', safe-symlink-paths: '[]']
2019-04-10 11:00:04,375 INFO  [org.jboss.as.connector.subsystems.datasources] (MSC service thread 1-3) WFLYJCA0001: Bound data source [java:jboss/datasources/ExampleDS]
2019-04-10 11:00:04,378 INFO  [org.jboss.as.connector.subsystems.datasources] (MSC service thread 1-1) WFLYJCA0001: Bound data source [java:jboss/datasources/ZtaAzterketa]
2019-04-10 11:00:04,379 INFO  [org.jboss.as.connector.subsystems.datasources] (MSC service thread 1-1) WFLYJCA0001: Bound data source [java:jboss/datasources/ExamenSta]
2019-04-10 11:00:04,407 INFO  [org.wildfly.extension.undertow] (MSC service thread 1-3) WFLYUT0012: Started server default-server.
2019-04-10 11:00:04,409 INFO  [org.wildfly.extension.undertow] (MSC service thread 1-2) WFLYUT0018: Host default-host starting
2019-04-10 11:00:04,997 INFO  [org.jboss.as.ejb3] (MSC service thread 1-4) WFLYEJB0481: Strict pool slsb-strict-max-pool is using a max instance size of 32 (per class), which is derived from thread worker pool sizing.
2019-04-10 11:00:05,000 INFO  [org.jboss.as.ejb3] (MSC service thread 1-1) WFLYEJB0482: Strict pool mdb-strict-max-pool is using a max instance size of 8 (per class), which is derived from the number of CPUs on this host.
2019-04-10 11:00:05,310 INFO  [org.wildfly.extension.undertow] (MSC service thread 1-3) WFLYUT0006: Undertow HTTP listener default listening on 0.0.0.0:8080
2019-04-10 11:00:07,019 INFO  [org.infinispan.factories.GlobalComponentRegistry] (MSC service thread 1-1) ISPN000128: Infinispan version: Infinispan 'Chakra' 8.2.4.Final
2019-04-10 11:00:07,063 WARN  [org.jboss.as.domain.management.security] (MSC service thread 1-4) WFLYDM0111: Keystore /home/gloria/Bababus/SUPPORT/WILDFLY/wildfly-10.1.0.Final/standalone/configuration/application.keystore not found, it will be auto generated on first use with a self signed certificate for host localhost
2019-04-10 11:00:07,090 INFO  [org.infinispan.configuration.cache.EvictionConfigurationBuilder] (ServerService Thread Pool -- 102) ISPN000152: Passivation configured without an eviction policy being selected. Only manually evicted entities will be passivated.
2019-04-10 11:00:07,125 INFO  [org.infinispan.configuration.cache.EvictionConfigurationBuilder] (ServerService Thread Pool -- 102) ISPN000152: Passivation configured without an eviction policy being selected. Only manually evicted entities will be passivated.
2019-04-10 11:00:07,133 INFO  [org.jboss.as.server.deployment.scanner] (MSC service thread 1-4) WFLYDS0013: Started FileSystemDeploymentService for directory /home/gloria/Bababus/SUPPORT/WILDFLY/wildfly-10.1.0.Final/standalone/deployments
2019-04-10 11:00:07,143 INFO  [org.infinispan.configuration.cache.EvictionConfigurationBuilder] (ServerService Thread Pool -- 102) ISPN000152: Passivation configured without an eviction policy being selected. Only manually evicted entities will be passivated.
2019-04-10 11:00:07,143 INFO  [org.infinispan.configuration.cache.EvictionConfigurationBuilder] (ServerService Thread Pool -- 103) ISPN000152: Passivation configured without an eviction policy being selected. Only manually evicted entities will be passivated.
2019-04-10 11:00:07,144 INFO  [org.infinispan.configuration.cache.EvictionConfigurationBuilder] (ServerService Thread Pool -- 102) ISPN000152: Passivation configured without an eviction policy being selected. Only manually evicted entities will be passivated.
2019-04-10 11:00:07,146 INFO  [org.infinispan.configuration.cache.EvictionConfigurationBuilder] (ServerService Thread Pool -- 103) ISPN000152: Passivation configured without an eviction policy being selected. Only manually evicted entities will be passivated.
2019-04-10 11:00:07,176 INFO  [org.jboss.as.server.deployment] (MSC service thread 1-3) WFLYSRV0027: Starting deployment of "Bababus.war" (runtime-name: "Bababus.war")
2019-04-10 11:00:07,920 INFO  [org.wildfly.extension.undertow] (MSC service thread 1-1) WFLYUT0006: Undertow HTTPS listener https listening on 0.0.0.0:8443
2019-04-10 11:00:08,426 INFO  [org.jboss.ws.common.management] (MSC service thread 1-4) JBWS022052: Starting JBossWS 5.1.5.Final (Apache CXF 3.1.6) 
2019-04-10 11:00:08,929 INFO  [org.jboss.as.jpa] (MSC service thread 1-3) WFLYJPA0002: Read persistence.xml for Bababus
2019-04-10 11:00:09,543 INFO  [org.jboss.as.jpa] (ServerService Thread Pool -- 103) WFLYJPA0010: Starting Persistence Unit (phase 1 of 2) Service 'Bababus.war#Bababus'
2019-04-10 11:00:10,502 INFO  [org.hibernate.jpa.internal.util.LogHelper] (ServerService Thread Pool -- 103) HHH000204: Processing PersistenceUnitInfo [
	name: Bababus
	...]
2019-04-10 11:00:10,960 INFO  [org.jboss.weld.deployer] (MSC service thread 1-2) WFLYWELD0003: Processing weld deployment Bababus.war
2019-04-10 11:00:12,260 INFO  [org.hibernate.validator.internal.util.Version] (MSC service thread 1-2) HV000001: Hibernate Validator 5.2.4.Final
2019-04-10 11:00:12,429 INFO  [org.hibernate.Version] (ServerService Thread Pool -- 103) HHH000412: Hibernate Core {5.0.10.Final}
2019-04-10 11:00:12,431 INFO  [org.hibernate.cfg.Environment] (ServerService Thread Pool -- 103) HHH000206: hibernate.properties not found
2019-04-10 11:00:12,433 INFO  [org.hibernate.cfg.Environment] (ServerService Thread Pool -- 103) HHH000021: Bytecode provider name : javassist
2019-04-10 11:00:12,684 INFO  [org.hibernate.annotations.common.Version] (ServerService Thread Pool -- 103) HCANN000001: Hibernate Commons Annotations {5.0.1.Final}
2019-04-10 11:00:12,760 INFO  [org.jboss.as.ejb3.deployment] (MSC service thread 1-2) WFLYEJB0473: JNDI bindings for session bean named 'Servicios' in deployment unit 'deployment "Bababus.war"' are as follows:

	java:global/Bababus/Servicios!negocio.Servicios
	java:app/Bababus/Servicios!negocio.Servicios
	java:module/Servicios!negocio.Servicios
	java:global/Bababus/Servicios
	java:app/Bababus/Servicios
	java:module/Servicios

2019-04-10 11:00:16,059 INFO  [org.infinispan.configuration.cache.EvictionConfigurationBuilder] (ServerService Thread Pool -- 103) ISPN000152: Passivation configured without an eviction policy being selected. Only manually evicted entities will be passivated.
2019-04-10 11:00:16,060 INFO  [org.infinispan.configuration.cache.EvictionConfigurationBuilder] (ServerService Thread Pool -- 103) ISPN000152: Passivation configured without an eviction policy being selected. Only manually evicted entities will be passivated.
2019-04-10 11:00:25,041 INFO  [org.jboss.weld.Version] (MSC service thread 1-1) WELD-000900: 2.3.5 (Final)
2019-04-10 11:00:37,241 INFO  [org.jboss.as.clustering.infinispan] (ServerService Thread Pool -- 103) WFLYCLINF0002: Started client-mappings cache from ejb container
2019-04-10 11:00:50,455 INFO  [org.jboss.as.jpa] (ServerService Thread Pool -- 106) WFLYJPA0010: Starting Persistence Unit (phase 2 of 2) Service 'Bababus.war#Bababus'
2019-04-10 11:01:32,249 INFO  [org.hibernate.dialect.Dialect] (ServerService Thread Pool -- 106) HHH000400: Using dialect: org.hibernate.dialect.MySQLDialect
2019-04-10 11:01:32,905 INFO  [org.hibernate.envers.boot.internal.EnversServiceImpl] (ServerService Thread Pool -- 106) Envers integration enabled? : true
2019-04-10 11:01:38,790 INFO  [org.hibernate.tool.hbm2ddl.SchemaValidator] (ServerService Thread Pool -- 106) HHH000229: Running schema validator
2019-04-10 11:01:39,099 INFO  [org.hibernate.hql.internal.QueryTranslatorFactoryInitiator] (ServerService Thread Pool -- 106) HHH000397: Using ASTQueryTranslatorFactory
2019-04-10 11:01:44,837 INFO  [javax.enterprise.resource.webcontainer.jsf.config] (ServerService Thread Pool -- 107) Inicializando Mojarra 2.2.13.SP1 20160303-1204 para el contexto '/Bababus'
2019-04-10 11:01:47,943 INFO  [org.wildfly.extension.undertow] (ServerService Thread Pool -- 107) WFLYUT0021: Registered web context: /Bababus
2019-04-10 11:01:48,074 INFO  [org.jboss.as.server] (ServerService Thread Pool -- 76) WFLYSRV0010: Deployed "Bababus.war" (runtime-name : "Bababus.war")
2019-04-10 11:01:49,001 INFO  [org.jboss.as] (Controller Boot Thread) WFLYSRV0060: Http management interface listening on http://0.0.0.0:9990/management
2019-04-10 11:01:49,003 INFO  [org.jboss.as] (Controller Boot Thread) WFLYSRV0051: Admin console listening on http://0.0.0.0:9990
2019-04-10 11:01:49,004 INFO  [org.jboss.as] (Controller Boot Thread) WFLYSRV0025: WildFly Full 10.1.0.Final (WildFly Core 2.2.0.Final) started in 288459ms - Started 481 of 717 services (406 services are lazy, passive or on-demand)
